<?xml version="1.0" encoding="UTF-8"?>
<testng-results ignored="0" total="1" passed="1" failed="0" skipped="0">
  <reporter-output>
  </reporter-output>
  <suite started-at="2024-02-26T12:48:09 EET" name="Default suite" finished-at="2024-02-26T12:48:25 EET" duration-ms="16193">
    <groups>
    </groups>
    <test started-at="2024-02-26T12:48:09 EET" name="Default test" finished-at="2024-02-26T12:48:25 EET" duration-ms="16193">
      <class name="tests.TestScenario">
        <test-method is-config="true" signature="setUp()[pri:0, instance:tests.TestScenario@51f116b8]" started-at="2024-02-26T12:48:03 EET" name="setUp" finished-at="2024-02-26T12:48:09 EET" duration-ms="5806" status="PASS">
          <reporter-output>
          </reporter-output>
        </test-method> <!-- setUp -->
        <test-method signature="testScenario()[pri:0, instance:tests.TestScenario@51f116b8]" started-at="2024-02-26T12:48:09 EET" name="testScenario" finished-at="2024-02-26T12:48:25 EET" duration-ms="16166" status="PASS">
          <reporter-output>
          </reporter-output>
        </test-method> <!-- testScenario -->
        <test-method is-config="true" signature="tearDown()[pri:0, instance:tests.TestScenario@51f116b8]" started-at="2024-02-26T12:48:25 EET" name="tearDown" finished-at="2024-02-26T12:48:25 EET" duration-ms="9" status="PASS">
          <reporter-output>
          </reporter-output>
        </test-method> <!-- tearDown -->
      </class> <!-- tests.TestScenario -->
    </test> <!-- Default test -->
  </suite> <!-- Default suite -->
</testng-results>
